c:\users\vlad\desktop\labgui\labgui\x64\debug\labgui.obj
c:\users\vlad\desktop\labgui\labgui\x64\debug\qrc_labgui.obj
c:\users\vlad\desktop\labgui\labgui\x64\debug\main.obj
c:\users\vlad\desktop\labgui\labgui\x64\debug\moc_labgui.obj
c:\users\vlad\desktop\labgui\labgui\x64\debug\vc141.pdb
c:\users\vlad\desktop\labgui\labgui\generatedfiles\ui_labgui.h
c:\users\vlad\desktop\labgui\labgui\generatedfiles\qrc_labgui.cpp
c:\users\vlad\desktop\labgui\labgui\generatedfiles\debug\moc_labgui.cpp
c:\users\vlad\desktop\labgui\x64\debug\labgui.ilk
c:\users\vlad\desktop\labgui\x64\debug\labgui.exe
c:\users\vlad\desktop\labgui\x64\debug\labgui.pdb
c:\users\vlad\desktop\labgui\labgui\.\generatedfiles\debug\moc_labgui.cpp
c:\users\vlad\desktop\labgui\labgui\.\generatedfiles\qrc_labgui.cpp
c:\users\vlad\desktop\labgui\labgui\.\generatedfiles\ui_labgui.h
c:\users\vlad\desktop\labgui\labgui\x64\debug\labgui.tlog\cl.11796.write.1.tlog
c:\users\vlad\desktop\labgui\labgui\x64\debug\labgui.tlog\cl.command.1.tlog
c:\users\vlad\desktop\labgui\labgui\x64\debug\labgui.tlog\cl.read.1.tlog
c:\users\vlad\desktop\labgui\labgui\x64\debug\labgui.tlog\labgui.write.1u.tlog
c:\users\vlad\desktop\labgui\labgui\x64\debug\labgui.tlog\link.command.1.tlog
c:\users\vlad\desktop\labgui\labgui\x64\debug\labgui.tlog\link.read.1.tlog
c:\users\vlad\desktop\labgui\labgui\x64\debug\labgui.tlog\link.write.1.tlog
c:\users\vlad\desktop\labgui\labgui\x64\debug\labgui.tlog\moc.read.1u.tlog
c:\users\vlad\desktop\labgui\labgui\x64\debug\labgui.tlog\moc.write.1u.tlog
c:\users\vlad\desktop\labgui\labgui\x64\debug\labgui.tlog\rcc.read.1u.tlog
c:\users\vlad\desktop\labgui\labgui\x64\debug\labgui.tlog\rcc.write.1u.tlog
c:\users\vlad\desktop\labgui\labgui\x64\debug\labgui.tlog\uic.read.1u.tlog
c:\users\vlad\desktop\labgui\labgui\x64\debug\labgui.tlog\uic.write.1u.tlog
